{"C:\\Dev\\JavaScript\\Toodles\\Server\\Database\\SequelizeClasses.js": {"path":"C:\\Dev\\JavaScript\\Toodles\\Server\\Database\\SequelizeClasses.js","statementMap":{"0":{"start":{"line":1,"column":38},"end":{"line":1,"column":58}},"1":{"start":{"line":3,"column":18},"end":{"line":6,"column":2}},"2":{"start":{"line":37,"column":0},"end":{"line":46,"column":3}},"3":{"start":{"line":48,"column":0},"end":{"line":56,"column":3}},"4":{"start":{"line":58,"column":0},"end":{"line":65,"column":3}},"5":{"start":{"line":67,"column":0},"end":{"line":76,"column":3}},"6":{"start":{"line":79,"column":0},"end":{"line":79,"column":52}},"7":{"start":{"line":80,"column":0},"end":{"line":80,"column":41}},"8":{"start":{"line":82,"column":0},"end":{"line":82,"column":55}},"9":{"start":{"line":83,"column":0},"end":{"line":83,"column":44}},"10":{"start":{"line":89,"column":0},"end":{"line":89,"column":60}},"11":{"start":{"line":90,"column":0},"end":{"line":90,"column":46}},"12":{"start":{"line":92,"column":0},"end":{"line":92,"column":78}}},"fnMap":{},"branchMap":{},"s":{"0":1,"1":1,"2":1,"3":1,"4":1,"5":1,"6":1,"7":1,"8":1,"9":1,"10":1,"11":1,"12":1},"f":{},"b":{},"_coverageSchema":"1a1c01bbd47fc00a2c39e90264f33305004495a9","hash":"b4c8aac5c197aac006492ce52511fb37ef8861e8"}
}
